<feed><id>urn:pro-grammati-ca:feed</id><updated>2016-01-23T00:00:00.000Z</updated><title type="text">pro.grammati.ca</title><link rel="self" href="http://pro.grammati.ca/atom.xml" /><entry><title>Test - This is Only a Test</title><updated>2016-01-23T00:00:00.000Z</updated><author><name>Chris Perkins</name></author><link href="http://pro.grammati.ca/blog/2016/01/23/test-post/" /><id>urn:pro-grammati-ca:feed:post:Test - This is Only a Test</id><content type="html">&lt;p&gt;Lorem ipsum dolor sit amet, consectetuer adipiscing elit.  Donec hendrerit tempor tellus.  Donec pretium posuere tellus.  Proin quam nisl, tincidunt et, mattis eget, convallis nec, purus.  Cum sociis natoque penatibus et magnis dis parturient montes, nascetur ridiculus mus.  Nulla posuere.  Donec vitae dolor.  Nullam tristique diam non turpis.  Cras placerat accumsan nulla.  Nullam rutrum.  Nam vestibulum accumsan nisl.&lt;/p&gt;&lt;h2&gt;&lt;strong&gt;Section&lt;/strong&gt;&lt;/h2&gt;&lt;p&gt;Lorem ipsum dolor sit amet, consectetuer adipiscing elit.  Donec hendrerit tempor tellus.  Donec pretium posuere tellus.  Proin quam nisl, tincidunt et, mattis eget, convallis nec, purus.  Cum sociis natoque penatibus et magnis dis parturient montes, nascetur ridiculus mus.  Nulla posuere.  Donec vitae dolor.  Nullam tristique diam non turpis.  Cras placerat accumsan nulla.  Nullam rutrum.  Nam vestibulum accumsan nisl.&lt;/p&gt;&lt;ul&gt;&lt;li&gt;Donec posuere augue in quam.&lt;/li&gt;&lt;li&gt;Phasellus neque orci, porta a, aliquet quis, semper a, massa.&lt;/li&gt;&lt;li&gt;Nullam tempus.&lt;/li&gt;&lt;li&gt;Phasellus lacus.&lt;/li&gt;&lt;/ul&gt;&lt;p&gt;Link to something &lt;a href="https://github.com/grammati"&gt;is here&lt;/a&gt;. Go there.&lt;/p&gt;&lt;h3&gt;&lt;strong&gt;SubSection&lt;/strong&gt;&lt;/h3&gt;&lt;p&gt;Some code&lt;/p&gt;&lt;pre&gt;&lt;code class="clojure"&gt;(defn file-path [request path &amp;amp; {:as options}]
  (let [path (-&amp;gt;&amp;gt; request :optimus-assets
                  (filter #(= path (assets/original-path %)))
                  (remove :outdated)
                  (first))]
    (if path
      (full-path path)
      (if-let [fallback (:fallback options)]
        (file-path request fallback)))))
&lt;/code&gt;&lt;/pre&gt;&lt;p&gt;Nullam eu ante vel est convallis dignissim.  Fusce suscipit, wisi nec facilisis facilisis, est dui fermentum leo, quis tempor ligula erat quis odio.  Nunc porta vulputate tellus.  Nunc rutrum turpis sed pede.  Sed bibendum.  Aliquam posuere.  Nunc aliquet, augue nec adipiscing interdum, lacus tellus malesuada massa, quis varius mi purus non odio.  Pellentesque condimentum, magna ut suscipit hendrerit, ipsum augue ornare nulla, non luctus diam neque sit amet urna.  Curabitur vulputate vestibulum lorem.  Fusce sagittis, libero non molestie mollis, magna orci ultrices dolor, at vulputate neque nulla lacinia eros.  Sed id ligula quis est convallis tempor.  Curabitur lacinia pulvinar nibh.  Nam a sapien.&lt;/p&gt;&lt;h2&gt;&lt;strong&gt;Section&lt;/strong&gt;&lt;/h2&gt;&lt;p&gt;Nullam eu ante vel est convallis dignissim.  Fusce suscipit, wisi nec facilisis facilisis, est dui fermentum leo, quis tempor ligula erat quis odio.  Nunc porta vulputate tellus.  Nunc rutrum turpis sed pede.  Sed bibendum.  Aliquam posuere.  Nunc aliquet, augue nec adipiscing interdum, lacus tellus malesuada massa, quis varius mi purus non odio.  Pellentesque condimentum, magna ut suscipit hendrerit, ipsum augue ornare nulla, non luctus diam neque sit amet urna.  Curabitur vulputate vestibulum lorem.  Fusce sagittis, libero non molestie mollis, magna orci ultrices dolor, at vulputate neque nulla lacinia eros.  Sed id ligula quis est convallis tempor.  Curabitur lacinia pulvinar nibh.  Nam a sapien.&lt;/p&gt;&lt;h3&gt;&lt;strong&gt;Subsection&lt;/strong&gt;&lt;/h3&gt;&lt;p&gt;Numbered list&lt;/p&gt;&lt;ol&gt;&lt;li&gt;&lt;p&gt;Lorem ipsum dolor sit amet, consectetuer adipiscing elit.  Donec hendrerit tempor tellus.  Donec pretium posuere tellus.  Proin quam nisl, tincidunt et, mattis eget, convallis nec, purus.  Cum sociis natoque penatibus et magnis dis parturient montes, nascetur ridiculus mus.  Nulla posuere.  Donec vitae dolor.  Nullam tristique diam non turpis.  Cras placerat accumsan nulla.  Nullam rutrum.  Nam vestibulum accumsan nisl.&lt;/p&gt;&lt;/li&gt;&lt;li&gt;&lt;p&gt;Pellentesque dapibus suscipit ligula.  Donec posuere augue in quam.  Etiam vel tortor sodales tellus ultricies commodo.  Suspendisse potenti.  Aenean in sem ac leo mollis blandit.  Donec neque quam, dignissim in, mollis nec, sagittis eu, wisi.  Phasellus lacus.  Etiam laoreet quam sed arcu.  Phasellus at dui in ligula mollis ultricies.  Integer placerat tristique nisl.  Praesent augue.  Fusce commodo.  Vestibulum convallis, lorem a tempus semper, dui dui euismod elit, vitae placerat urna tortor vitae lacus.  Nullam libero mauris, consequat quis, varius et, dictum id, arcu.  Mauris mollis tincidunt felis.  Aliquam feugiat tellus ut neque.  Nulla facilisis, risus a rhoncus fermentum, tellus tellus lacinia purus, et dictum nunc justo sit amet elit.&lt;/p&gt;&lt;/li&gt;&lt;li&gt;&lt;p&gt;Nullam eu ante vel est convallis dignissim.  Fusce suscipit, wisi nec facilisis facilisis, est dui fermentum leo, quis tempor ligula erat quis odio.  Nunc porta vulputate tellus.  Nunc rutrum turpis sed pede.  Sed bibendum.  Aliquam posuere.  Nunc aliquet, augue nec adipiscing interdum, lacus tellus malesuada massa, quis varius mi purus non odio.  Pellentesque condimentum, magna ut suscipit hendrerit, ipsum augue ornare nulla, non luctus diam neque sit amet urna.  Curabitur vulputate vestibulum lorem.  Fusce sagittis, libero non molestie mollis, magna orci ultrices dolor, at vulputate neque nulla lacinia eros.  Sed id ligula quis est convallis tempor.  Curabitur lacinia pulvinar nibh.  Nam a sapien.&lt;/p&gt;&lt;/li&gt;&lt;/ol&gt;</content></entry></feed>